  Textbox.cpp
d:\05development\sfml repo\star-war\star war3.0\star war3.0\textbox.cpp(37): warning C4244: 'argument': conversion from 'int' to 'float', possible loss of data
d:\05development\sfml repo\star-war\star war3.0\star war3.0\textbox.cpp(56): warning C4018: '<': signed/unsigned mismatch
  Player.cpp
d:\05development\sfml repo\star-war\star war3.0\star war3.0\player.cpp(40): warning C4244: 'argument': conversion from 'unsigned int' to 'float', possible loss of data
  main.cpp
d:\05development\sfml repo\star-war\star war3.0\star war3.0\main.cpp(7): warning C4244: 'argument': conversion from 'time_t' to 'unsigned int', possible loss of data
  Game.cpp
  Enemy.cpp
d:\05development\sfml repo\star-war\star war3.0\star war3.0\enemy.cpp(21): warning C4244: '=': conversion from 'float' to 'int', possible loss of data
d:\05development\sfml repo\star-war\star war3.0\star war3.0\enemy.cpp(23): warning C4244: 'argument': conversion from 'int' to 'float', possible loss of data
d:\05development\sfml repo\star-war\star war3.0\star war3.0\enemy.cpp(23): warning C4244: 'argument': conversion from 'unsigned int' to 'float', possible loss of data
  eBullets.cpp
d:\05development\sfml repo\star-war\star war3.0\star war3.0\ebullets.cpp(25): warning C4244: 'argument': conversion from 'double' to 'float', possible loss of data
  Bullet.cpp
d:\05development\sfml repo\star-war\star war3.0\star war3.0\bullet.cpp(32): warning C4244: 'argument': conversion from 'double' to 'float', possible loss of data
  Buff.cpp
d:\05development\sfml repo\star-war\star war3.0\star war3.0\buff.cpp(15): warning C4244: 'argument': conversion from 'unsigned int' to 'float', possible loss of data
  Boss.cpp
d:\05development\sfml repo\star-war\star war3.0\star war3.0\boss.cpp(8): warning C4244: 'argument': conversion from 'unsigned int' to 'float', possible loss of data
d:\05development\sfml repo\star-war\star war3.0\star war3.0\boss.cpp(12): warning C4244: 'argument': conversion from 'unsigned int' to 'float', possible loss of data
d:\05development\sfml repo\star-war\star war3.0\star war3.0\boss.cpp(41): warning C4244: 'argument': conversion from 'double' to 'float', possible loss of data
  Bomber.cpp
d:\05development\sfml repo\star-war\star war3.0\star war3.0\bomber.cpp(7): warning C4244: 'argument': conversion from 'unsigned int' to 'float', possible loss of data
d:\05development\sfml repo\star-war\star war3.0\star war3.0\bomber.cpp(12): warning C4244: '=': conversion from 'float' to 'int', possible loss of data
d:\05development\sfml repo\star-war\star war3.0\star war3.0\bomber.cpp(15): warning C4244: 'argument': conversion from 'unsigned int' to 'float', possible loss of data
d:\05development\sfml repo\star-war\star war3.0\star war3.0\bomber.cpp(19): warning C4244: 'argument': conversion from 'unsigned int' to 'float', possible loss of data
  Background.cpp
  Animation.cpp
d:\05development\sfml repo\star-war\star war3.0\star war3.0\animation.cpp(23): warning C4244: '=': conversion from 'float' to 'int', possible loss of data
d:\05development\sfml repo\star-war\star war3.0\star war3.0\animation.cpp(24): warning C4244: '=': conversion from 'float' to 'int', possible loss of data
  Running Code Analysis for C/C++...
  Generating Code...
  Star War3.0.vcxproj -> D:\05Development\SFML Repo\Star-War\Star War3.0\Debug\Star War3.0.exe
  Star War3.0.vcxproj -> D:\05Development\SFML Repo\Star-War\Star War3.0\Debug\Star War3.0.pdb (Full PDB)
