d:\05development\sfml repo\star-war\star war3.0\star war3.0\debug\vc140.pdb
d:\05development\sfml repo\star-war\star war3.0\star war3.0\debug\vc140.idb
d:\05development\sfml repo\star-war\star war3.0\star war3.0\debug\animation.obj
d:\05development\sfml repo\star-war\star war3.0\star war3.0\debug\background.obj
d:\05development\sfml repo\star-war\star war3.0\star war3.0\debug\bomber.obj
d:\05development\sfml repo\star-war\star war3.0\star war3.0\debug\boss.obj
d:\05development\sfml repo\star-war\star war3.0\star war3.0\debug\buff.obj
d:\05development\sfml repo\star-war\star war3.0\star war3.0\debug\bullet.obj
d:\05development\sfml repo\star-war\star war3.0\star war3.0\debug\ebullets.obj
d:\05development\sfml repo\star-war\star war3.0\star war3.0\debug\enemy.obj
d:\05development\sfml repo\star-war\star war3.0\star war3.0\debug\game.obj
d:\05development\sfml repo\star-war\star war3.0\star war3.0\debug\main.obj
d:\05development\sfml repo\star-war\star war3.0\star war3.0\debug\player.obj
d:\05development\sfml repo\star-war\star war3.0\star war3.0\debug\textbox.obj
d:\05development\sfml repo\star-war\star war3.0\debug\star war3.0.ilk
d:\05development\sfml repo\star-war\star war3.0\debug\star war3.0.exe
d:\05development\sfml repo\star-war\star war3.0\debug\star war3.0.pdb
d:\05development\sfml repo\star-war\star war3.0\star war3.0\debug\star war3.0.tlog\cl.command.1.tlog
d:\05development\sfml repo\star-war\star war3.0\star war3.0\debug\star war3.0.tlog\cl.read.1.tlog
d:\05development\sfml repo\star-war\star war3.0\star war3.0\debug\star war3.0.tlog\cl.write.1.tlog
d:\05development\sfml repo\star-war\star war3.0\star war3.0\debug\star war3.0.tlog\link.command.1.tlog
d:\05development\sfml repo\star-war\star war3.0\star war3.0\debug\star war3.0.tlog\link.read.1.tlog
d:\05development\sfml repo\star-war\star war3.0\star war3.0\debug\star war3.0.tlog\link.write.1.tlog
