d:\05development\sfml repo\star-war\star war3.0\star war3.0\release\vc141.pdb
d:\05development\sfml repo\star-war\star war3.0\star war3.0\release\textbox.obj
d:\05development\sfml repo\star-war\star war3.0\star war3.0\release\player.obj
d:\05development\sfml repo\star-war\star war3.0\star war3.0\release\menu.obj
d:\05development\sfml repo\star-war\star war3.0\star war3.0\release\main.obj
d:\05development\sfml repo\star-war\star war3.0\star war3.0\release\game.obj
d:\05development\sfml repo\star-war\star war3.0\star war3.0\release\enemy.obj
d:\05development\sfml repo\star-war\star war3.0\star war3.0\release\ebullets.obj
d:\05development\sfml repo\star-war\star war3.0\star war3.0\release\collision.obj
d:\05development\sfml repo\star-war\star war3.0\star war3.0\release\bullet.obj
d:\05development\sfml repo\star-war\star war3.0\star war3.0\release\buff.obj
d:\05development\sfml repo\star-war\star war3.0\star war3.0\release\boss.obj
d:\05development\sfml repo\star-war\star war3.0\star war3.0\release\bomber.obj
d:\05development\sfml repo\star-war\star war3.0\star war3.0\release\background.obj
d:\05development\sfml repo\star-war\star war3.0\star war3.0\release\animation.obj
d:\05development\sfml repo\star-war\star war3.0\release\star wars3.0.exe
d:\05development\sfml repo\star-war\star war3.0\release\star wars3.0.pdb
d:\05development\sfml repo\star-war\star war3.0\release\star wars3.0.lib
d:\05development\sfml repo\star-war\star war3.0\release\star wars3.0.exp
d:\05development\sfml repo\star-war\star war3.0\release\star wars3.0.ipdb
d:\05development\sfml repo\star-war\star war3.0\release\star wars3.0.iobj
d:\05development\sfml repo\star-war\star war3.0\star war3.0\release\vc140.pdb
d:\05development\sfml repo\star-war\star war3.0\star war3.0\release\star wars3.0.tlog\cl.command.1.tlog
d:\05development\sfml repo\star-war\star war3.0\star war3.0\release\star wars3.0.tlog\cl.read.1.tlog
d:\05development\sfml repo\star-war\star war3.0\star war3.0\release\star wars3.0.tlog\cl.write.1.tlog
d:\05development\sfml repo\star-war\star war3.0\star war3.0\release\star wars3.0.tlog\link.command.1.tlog
d:\05development\sfml repo\star-war\star war3.0\star war3.0\release\star wars3.0.tlog\link.read.1.tlog
d:\05development\sfml repo\star-war\star war3.0\star war3.0\release\star wars3.0.tlog\link.write.1.tlog
d:\05development\sfml repo\star-war\star war3.0\star war3.0\release\star wars3.0.tlog\star wars3.0.write.1u.tlog
